<?xml version="1.0" encoding="UTF-8"?>
<!-- Generated by org.testng.reporters.JUnitReportReporter -->
<testsuite hostname="USHYDSUDPATRO9" failures="0" tests="2" name="MyRequests.GetData" time="2.972" errors="0" timestamp="09 Feb 2021 18:33:34 GMT" skipped="0">
  <testcase classname="MyRequests.GetData" name="getResponseBody" time="2.845"/>
  <testcase classname="MyRequests.GetData" name="getResponseCode" time="0.127"/>
</testsuite> <!-- MyRequests.GetData -->
