<?xml version="1.0" encoding="UTF-8"?>
<!-- Generated by org.testng.reporters.JUnitReportReporter -->
<testsuite hostname="USHYDSUDPATRO9" failures="0" tests="2" name="GetRequest.GetData" time="3.890" errors="0" timestamp="09 Feb 2021 14:17:33 GMT" skipped="0">
  <testcase classname="GetRequest.GetData" name="getResponseCode" time="0.099"/>
  <testcase classname="GetRequest.GetData" name="getResponseBody" time="3.791"/>
</testsuite> <!-- GetRequest.GetData -->
