<?xml version="1.0" encoding="UTF-8"?>
<!-- Generated by org.testng.reporters.JUnitReportReporter -->
<testsuite hostname="USHYDSUDPATRO9" failures="0" tests="1" name="PutRequest.PutData" time="3.262" errors="0" timestamp="09 Feb 2021 15:04:07 GMT" skipped="0">
  <testcase classname="PutRequest.PutData" name="putData" time="3.262"/>
</testsuite> <!-- PutRequest.PutData -->
