<?xml version="1.0" encoding="UTF-8"?>
<!-- Generated by org.testng.reporters.JUnitReportReporter -->
<testsuite hostname="USHYDSUDPATRO9" failures="0" tests="1" name="MyRequests.DeleteData" time="0.355" errors="0" timestamp="09 Feb 2021 18:33:34 GMT" skipped="0">
  <testcase classname="MyRequests.DeleteData" name="deleteTestData" time="0.355"/>
</testsuite> <!-- MyRequests.DeleteData -->
